<?xml version="1.0" encoding="UTF-8"?>
<!-- Generated by org.testng.reporters.JUnitXMLReporter -->
<testsuite hostname="usnycpww4255.global.publicisgroupe.net" name="Preference Center Crest Android" tests="1" failures="1" timestamp="20 Nov 2015 21:16:19 GMT" time="307.443" errors="0">
  <testcase name="@AfterMethod afterMethod_takeScreenshot" time="0.0" classname="brand.production.mobile.CrestGalaxyS5PreferenceCenter">
    <failure type="java.io.IOException" message="Destination &amp;apos;/failed&amp;apos; directory cannot be created">
      <![CDATA[java.io.IOException: Destination '/failed' directory cannot be created
	at org.apache.commons.io.FileUtils.copyFile(FileUtils.java:1015)
	at org.apache.commons.io.FileUtils.copyFile(FileUtils.java:968)
	at brand.production.mobile.CrestGalaxyS5PreferenceCenter.afterMethod_takeScreenshot(CrestGalaxyS5PreferenceCenter.java:766)
... Removed 2 stack frames]]>
    </failure>
  </testcase> <!-- @AfterMethod afterMethod_takeScreenshot -->
  <testcase name="beforeClass" time="306.946" classname="brand.production.mobile.CrestGalaxyS5PreferenceCenter">
    <failure type="org.openqa.selenium.NoSuchElementException" message="no such element: Unable to locate element: {&amp;quot;method&amp;quot;:&amp;quot;id&amp;quot;,&amp;quot;selector&amp;quot;:&amp;quot;phsmartphonebody_0_username&amp;quot;}
  (Session info: webview=30.0.0.0)
  (Driver info: chromedriver=2.18.343837 (52eb4041461e46a6b73308ebb19e85787ced4281),platform=Mac OS X 10.10.5 x86_64) (WARNING: The server did not provide any stacktrace information)
Command duration or timeout: 60.17 seconds
For documentation on this error, please visit: http://seleniumhq.org/exceptions/no_such_element.html
Build info: version: &amp;apos;2.37.0&amp;apos;, revision: &amp;apos;a7c61cbd68657e133ae96672cf995890bad2ee42&amp;apos;, time: &amp;apos;2013-10-18 09:51:02&amp;apos;
System info: host: &amp;apos;usnycpww4255.global.publicisgroupe.net&amp;apos;, ip: &amp;apos;169.254.175.215&amp;apos;, os.name: &amp;apos;Mac OS X&amp;apos;, os.arch: &amp;apos;x86_64&amp;apos;, os.version: &amp;apos;10.10.3&amp;apos;, java.version: &amp;apos;1.6.0_65&amp;apos;
Session ID: 577671fb40a370989e41776225e71c1e6a87773c
Driver info: org.openqa.selenium.remote.RemoteWebDriver
Capabilities [{platform=ANDROID, acceptSslCerts=true, javascriptEnabled=true, browserName=chrome, chrome={}, rotatable=false, locationContextEnabled=true, mobileEmulationEnabled=false, version=30.0.0.0, takesHeapSnapshot=true, cssSelectorsEnabled=true, databaseEnabled=false, handlesAlerts=true, browserConnectionEnabled=false, webStorageEnabled=true, nativeEvents=true, hasTouchScreen=false, applicationCacheEnabled=false, takesScreenshot=true}]">
      <![CDATA[org.openqa.selenium.NoSuchElementException: no such element: Unable to locate element: {"method":"id","selector":"phsmartphonebody_0_username"}
  (Session info: webview=30.0.0.0)
  (Driver info: chromedriver=2.18.343837 (52eb4041461e46a6b73308ebb19e85787ced4281),platform=Mac OS X 10.10.5 x86_64) (WARNING: The server did not provide any stacktrace information)
Command duration or timeout: 60.17 seconds
For documentation on this error, please visit: http://seleniumhq.org/exceptions/no_such_element.html
Build info: version: '2.37.0', revision: 'a7c61cbd68657e133ae96672cf995890bad2ee42', time: '2013-10-18 09:51:02'
System info: host: 'usnycpww4255.global.publicisgroupe.net', ip: '169.254.175.215', os.name: 'Mac OS X', os.arch: 'x86_64', os.version: '10.10.3', java.version: '1.6.0_65'
Session ID: 577671fb40a370989e41776225e71c1e6a87773c
Driver info: org.openqa.selenium.remote.RemoteWebDriver
Capabilities [{platform=ANDROID, acceptSslCerts=true, javascriptEnabled=true, browserName=chrome, chrome={}, rotatable=false, locationContextEnabled=true, mobileEmulationEnabled=false, version=30.0.0.0, takesHeapSnapshot=true, cssSelectorsEnabled=true, databaseEnabled=false, handlesAlerts=true, browserConnectionEnabled=false, webStorageEnabled=true, nativeEvents=true, hasTouchScreen=false, applicationCacheEnabled=false, takesScreenshot=true}]
	at org.openqa.selenium.remote.ErrorHandler.createThrowable(ErrorHandler.java:193)
	at org.openqa.selenium.remote.ErrorHandler.throwIfResponseFailed(ErrorHandler.java:145)
	at org.openqa.selenium.remote.RemoteWebDriver.execute(RemoteWebDriver.java:554)
	at org.openqa.selenium.remote.RemoteWebDriver.findElement(RemoteWebDriver.java:307)
	at org.openqa.selenium.remote.RemoteWebDriver.findElementById(RemoteWebDriver.java:348)
	at org.openqa.selenium.By$ById.findElement(By.java:220)
	at org.openqa.selenium.remote.RemoteWebDriver.findElement(RemoteWebDriver.java:299)
	at brand.production.mobile.CrestGalaxyS5PreferenceCenter.beforeClass(CrestGalaxyS5PreferenceCenter.java:380)
... Removed 4 stack frames]]>
    </failure>
  </testcase> <!-- beforeClass -->
</testsuite> <!-- Preference Center Crest Android -->
