<?xml version="1.0" encoding="UTF-8"?>
<testng-results skipped="0" failed="2" total="2" passed="0">
  <reporter-output>
  </reporter-output>
  <suite name="Preference Center " duration-ms="392038" started-at="2015-11-20T21:11:12Z" finished-at="2015-11-20T21:17:44Z">
    <groups>
      <group name="create">
        <method signature="CrestGalaxyS5PreferenceCenter.beforeClass(java.lang.String)[pri:0, instance:brand.production.mobile.CrestGalaxyS5PreferenceCenter@714ae2c1]" name="beforeClass" class="brand.production.mobile.CrestGalaxyS5PreferenceCenter"/>
        <method signature="CrestGalaxyS5PreferenceCenter.beforeClass(java.lang.String)[pri:0, instance:brand.production.mobile.CrestGalaxyS5PreferenceCenter@7e9ffe3f]" name="beforeClass" class="brand.production.mobile.CrestGalaxyS5PreferenceCenter"/>
      </group> <!-- create -->
    </groups>
    <test name="Preference Center Crest Android" duration-ms="307443" started-at="2015-11-20T21:11:12Z" finished-at="2015-11-20T21:16:19Z">
      <class name="brand.production.mobile.CrestGalaxyS5PreferenceCenter">
        <test-method status="FAIL" signature="beforeClass(java.lang.String)[pri:0, instance:brand.production.mobile.CrestGalaxyS5PreferenceCenter@714ae2c1]" name="beforeClass" duration-ms="306946" started-at="2015-11-20T16:11:12Z" finished-at="2015-11-20T16:16:19Z">
          <params>
            <param index="0">
              <value>
                <![CDATA[mobileGalaxyS5]]>
              </value>
            </param>
          </params>
          <exception class="org.openqa.selenium.NoSuchElementException">
            <message>
              <![CDATA[no such element: Unable to locate element: {"method":"id","selector":"phsmartphonebody_0_username"}
  (Session info: webview=30.0.0.0)
  (Driver info: chromedriver=2.18.343837 (52eb4041461e46a6b73308ebb19e85787ced4281),platform=Mac OS X 10.10.5 x86_64) (WARNING: The server did not provide any stacktrace information)
Command duration or timeout: 60.17 seconds
For documentation on this error, please visit: http://seleniumhq.org/exceptions/no_such_element.html
Build info: version: '2.37.0', revision: 'a7c61cbd68657e133ae96672cf995890bad2ee42', time: '2013-10-18 09:51:02'
System info: host: 'usnycpww4255.global.publicisgroupe.net', ip: '169.254.175.215', os.name: 'Mac OS X', os.arch: 'x86_64', os.version: '10.10.3', java.version: '1.6.0_65'
Session ID: 577671fb40a370989e41776225e71c1e6a87773c
Driver info: org.openqa.selenium.remote.RemoteWebDriver
Capabilities [{platform=ANDROID, acceptSslCerts=true, javascriptEnabled=true, browserName=chrome, chrome={}, rotatable=false, locationContextEnabled=true, mobileEmulationEnabled=false, version=30.0.0.0, takesHeapSnapshot=true, cssSelectorsEnabled=true, databaseEnabled=false, handlesAlerts=true, browserConnectionEnabled=false, webStorageEnabled=true, nativeEvents=true, hasTouchScreen=false, applicationCacheEnabled=false, takesScreenshot=true}]]]>
            </message>
            <full-stacktrace>
              <![CDATA[org.openqa.selenium.NoSuchElementException: no such element: Unable to locate element: {"method":"id","selector":"phsmartphonebody_0_username"}
  (Session info: webview=30.0.0.0)
  (Driver info: chromedriver=2.18.343837 (52eb4041461e46a6b73308ebb19e85787ced4281),platform=Mac OS X 10.10.5 x86_64) (WARNING: The server did not provide any stacktrace information)
Command duration or timeout: 60.17 seconds
For documentation on this error, please visit: http://seleniumhq.org/exceptions/no_such_element.html
Build info: version: '2.37.0', revision: 'a7c61cbd68657e133ae96672cf995890bad2ee42', time: '2013-10-18 09:51:02'
System info: host: 'usnycpww4255.global.publicisgroupe.net', ip: '169.254.175.215', os.name: 'Mac OS X', os.arch: 'x86_64', os.version: '10.10.3', java.version: '1.6.0_65'
Session ID: 577671fb40a370989e41776225e71c1e6a87773c
Driver info: org.openqa.selenium.remote.RemoteWebDriver
Capabilities [{platform=ANDROID, acceptSslCerts=true, javascriptEnabled=true, browserName=chrome, chrome={}, rotatable=false, locationContextEnabled=true, mobileEmulationEnabled=false, version=30.0.0.0, takesHeapSnapshot=true, cssSelectorsEnabled=true, databaseEnabled=false, handlesAlerts=true, browserConnectionEnabled=false, webStorageEnabled=true, nativeEvents=true, hasTouchScreen=false, applicationCacheEnabled=false, takesScreenshot=true}]
	at sun.reflect.NativeConstructorAccessorImpl.newInstance0(Native Method)
	at java.lang.reflect.Constructor.newInstance(Constructor.java:513)
	at org.openqa.selenium.remote.ErrorHandler.createThrowable(ErrorHandler.java:193)
	at org.openqa.selenium.remote.ErrorHandler.throwIfResponseFailed(ErrorHandler.java:145)
	at org.openqa.selenium.remote.RemoteWebDriver.execute(RemoteWebDriver.java:554)
	at org.openqa.selenium.remote.RemoteWebDriver.findElement(RemoteWebDriver.java:307)
	at org.openqa.selenium.remote.RemoteWebDriver.findElementById(RemoteWebDriver.java:348)
	at org.openqa.selenium.By$ById.findElement(By.java:220)
	at org.openqa.selenium.remote.RemoteWebDriver.findElement(RemoteWebDriver.java:299)
	at brand.production.mobile.CrestGalaxyS5PreferenceCenter.beforeClass(CrestGalaxyS5PreferenceCenter.java:380)
	at sun.reflect.NativeMethodAccessorImpl.invoke0(Native Method)
	at java.lang.reflect.Method.invoke(Method.java:597)
]]>
            </full-stacktrace>
          </exception> <!-- org.openqa.selenium.NoSuchElementException -->
          <reporter-output>
          </reporter-output>
        </test-method> <!-- beforeClass -->
        <test-method status="FAIL" signature="afterMethod_takeScreenshot(org.testng.ITestResult)[pri:0, instance:brand.production.mobile.CrestGalaxyS5PreferenceCenter@714ae2c1]" name="afterMethod_takeScreenshot" is-config="true" duration-ms="0" started-at="2015-11-20T16:16:19Z" description="take screenshot on fails" finished-at="2015-11-20T16:16:19Z">
          <params>
            <param index="0">
              <value>
                <![CDATA[[TestResult name=beforeClass status=FAILURE method=CrestGalaxyS5PreferenceCenter.beforeClass(java.lang.String)[pri:0, instance:brand.production.mobile.CrestGalaxyS5PreferenceCenter@714ae2c1] output={null}]]]>
              </value>
            </param>
          </params>
          <exception class="java.io.IOException">
            <message>
              <![CDATA[Destination '/failed' directory cannot be created]]>
            </message>
            <full-stacktrace>
              <![CDATA[java.io.IOException: Destination '/failed' directory cannot be created
	at org.apache.commons.io.FileUtils.copyFile(FileUtils.java:1015)
	at org.apache.commons.io.FileUtils.copyFile(FileUtils.java:968)
	at brand.production.mobile.CrestGalaxyS5PreferenceCenter.afterMethod_takeScreenshot(CrestGalaxyS5PreferenceCenter.java:766)
	at sun.reflect.NativeMethodAccessorImpl.invoke0(Native Method)
	at java.lang.reflect.Method.invoke(Method.java:597)
]]>
            </full-stacktrace>
          </exception> <!-- java.io.IOException -->
          <reporter-output>
          </reporter-output>
        </test-method> <!-- afterMethod_takeScreenshot -->
      </class> <!-- brand.production.mobile.CrestGalaxyS5PreferenceCenter -->
    </test> <!-- Preference Center Crest Android -->
    <test name="Preference Center Crest iPhone" duration-ms="84578" started-at="2015-11-20T21:16:19Z" finished-at="2015-11-20T21:17:44Z">
      <class name="brand.production.mobile.CrestGalaxyS5PreferenceCenter">
        <test-method status="FAIL" signature="beforeClass(java.lang.String)[pri:0, instance:brand.production.mobile.CrestGalaxyS5PreferenceCenter@7e9ffe3f]" name="beforeClass" duration-ms="83626" started-at="2015-11-20T16:16:19Z" finished-at="2015-11-20T16:17:43Z">
          <params>
            <param index="0">
              <value>
                <![CDATA[iPhone6Plus]]>
              </value>
            </param>
          </params>
          <exception class="org.openqa.selenium.ElementNotVisibleException">
            <message>
              <![CDATA[Element is not currently visible and may not be manipulated (WARNING: The server did not provide any stacktrace information)
Command duration or timeout: 47 milliseconds
Build info: version: '2.37.0', revision: 'a7c61cbd68657e133ae96672cf995890bad2ee42', time: '2013-10-18 09:51:02'
System info: host: 'usnycpww4255.global.publicisgroupe.net', ip: '169.254.175.215', os.name: 'Mac OS X', os.arch: 'x86_64', os.version: '10.10.3', java.version: '1.6.0_65'
Session ID: 032afc4babdd0611d4eb22987a44651e7751cc32
Driver info: org.openqa.selenium.remote.RemoteWebDriver
Capabilities [{proxy_type=node, javascriptEnabled=true, acceptSslCerts=true, browserName=safari, networkConnectionEnabled=false, version=, autoAcceptAlerts=true, platformVersion=8.3, platformName=iOS, deviceName=iPhone 6 Plus, safari=true, browser=iPhone, warnings={}, takesScreenshot=true, browserstack.ie.noFlash=false, 64bit=false, platform=MAC, orientation=portrait, desired={proxy_type=node, orientation=portrait, platform=MAC, acceptSslCerts=true, browserName=safari, version=, newCommandTimeout=300, autoAcceptAlerts=true, platformVersion=8.3, deviceName=iPhone 6 Plus, platformName=iOS, acceptSslCert=true, browser=iPhone, device=iPhone 6 Plus, browserstack.video=true, orig_os=macyos, browserstack.debug=true, browserstack.ie.noFlash=false, mobile={"version":"iPhone 6 Plus-8.3","browser":"mobile"}, 64bit=false}, locationContextEnabled=false, newCommandTimeout=300, databaseEnabled=false, acceptSslCert=true, webStorageEnabled=false, device=iPhone 6 Plus, browserstack.video=true, orig_os=macyos, browserstack.debug=true, mobile={"version":"iPhone 6 Plus-8.3","browser":"mobile"}}]]]>
            </message>
            <full-stacktrace>
              <![CDATA[org.openqa.selenium.ElementNotVisibleException: Element is not currently visible and may not be manipulated (WARNING: The server did not provide any stacktrace information)
Command duration or timeout: 47 milliseconds
Build info: version: '2.37.0', revision: 'a7c61cbd68657e133ae96672cf995890bad2ee42', time: '2013-10-18 09:51:02'
System info: host: 'usnycpww4255.global.publicisgroupe.net', ip: '169.254.175.215', os.name: 'Mac OS X', os.arch: 'x86_64', os.version: '10.10.3', java.version: '1.6.0_65'
Session ID: 032afc4babdd0611d4eb22987a44651e7751cc32
Driver info: org.openqa.selenium.remote.RemoteWebDriver
Capabilities [{proxy_type=node, javascriptEnabled=true, acceptSslCerts=true, browserName=safari, networkConnectionEnabled=false, version=, autoAcceptAlerts=true, platformVersion=8.3, platformName=iOS, deviceName=iPhone 6 Plus, safari=true, browser=iPhone, warnings={}, takesScreenshot=true, browserstack.ie.noFlash=false, 64bit=false, platform=MAC, orientation=portrait, desired={proxy_type=node, orientation=portrait, platform=MAC, acceptSslCerts=true, browserName=safari, version=, newCommandTimeout=300, autoAcceptAlerts=true, platformVersion=8.3, deviceName=iPhone 6 Plus, platformName=iOS, acceptSslCert=true, browser=iPhone, device=iPhone 6 Plus, browserstack.video=true, orig_os=macyos, browserstack.debug=true, browserstack.ie.noFlash=false, mobile={"version":"iPhone 6 Plus-8.3","browser":"mobile"}, 64bit=false}, locationContextEnabled=false, newCommandTimeout=300, databaseEnabled=false, acceptSslCert=true, webStorageEnabled=false, device=iPhone 6 Plus, browserstack.video=true, orig_os=macyos, browserstack.debug=true, mobile={"version":"iPhone 6 Plus-8.3","browser":"mobile"}}]
	at sun.reflect.NativeConstructorAccessorImpl.newInstance0(Native Method)
	at java.lang.reflect.Constructor.newInstance(Constructor.java:513)
	at org.openqa.selenium.remote.ErrorHandler.createThrowable(ErrorHandler.java:193)
	at org.openqa.selenium.remote.ErrorHandler.throwIfResponseFailed(ErrorHandler.java:145)
	at org.openqa.selenium.remote.RemoteWebDriver.execute(RemoteWebDriver.java:554)
	at org.openqa.selenium.remote.RemoteWebElement.execute(RemoteWebElement.java:268)
	at org.openqa.selenium.remote.RemoteWebElement.click(RemoteWebElement.java:79)
	at brand.production.mobile.CrestGalaxyS5PreferenceCenter.beforeClass(CrestGalaxyS5PreferenceCenter.java:429)
	at sun.reflect.NativeMethodAccessorImpl.invoke0(Native Method)
	at java.lang.reflect.Method.invoke(Method.java:597)
]]>
            </full-stacktrace>
          </exception> <!-- org.openqa.selenium.ElementNotVisibleException -->
          <reporter-output>
          </reporter-output>
        </test-method> <!-- beforeClass -->
        <test-method status="FAIL" signature="afterMethod_takeScreenshot(org.testng.ITestResult)[pri:0, instance:brand.production.mobile.CrestGalaxyS5PreferenceCenter@7e9ffe3f]" name="afterMethod_takeScreenshot" is-config="true" duration-ms="0" started-at="2015-11-20T16:17:43Z" description="take screenshot on fails" finished-at="2015-11-20T16:17:43Z">
          <params>
            <param index="0">
              <value>
                <![CDATA[[TestResult name=beforeClass status=FAILURE method=CrestGalaxyS5PreferenceCenter.beforeClass(java.lang.String)[pri:0, instance:brand.production.mobile.CrestGalaxyS5PreferenceCenter@7e9ffe3f] output={null}]]]>
              </value>
            </param>
          </params>
          <exception class="java.io.IOException">
            <message>
              <![CDATA[Destination '/failed' directory cannot be created]]>
            </message>
            <full-stacktrace>
              <![CDATA[java.io.IOException: Destination '/failed' directory cannot be created
	at org.apache.commons.io.FileUtils.copyFile(FileUtils.java:1015)
	at org.apache.commons.io.FileUtils.copyFile(FileUtils.java:968)
	at brand.production.mobile.CrestGalaxyS5PreferenceCenter.afterMethod_takeScreenshot(CrestGalaxyS5PreferenceCenter.java:766)
	at sun.reflect.NativeMethodAccessorImpl.invoke0(Native Method)
	at java.lang.reflect.Method.invoke(Method.java:597)
]]>
            </full-stacktrace>
          </exception> <!-- java.io.IOException -->
          <reporter-output>
          </reporter-output>
        </test-method> <!-- afterMethod_takeScreenshot -->
      </class> <!-- brand.production.mobile.CrestGalaxyS5PreferenceCenter -->
    </test> <!-- Preference Center Crest iPhone -->
  </suite> <!-- Preference Center  -->
</testng-results>
