<?xml version="1.0" encoding="UTF-8"?>
<!-- Generated by org.testng.reporters.JUnitReportReporter -->
<testsuite hostname="usnycpww4255.global.publicisgroupe.net" name="brand.production.mobile.CrestGalaxyS5PreferenceCenter" tests="2" failures="2" timestamp="20 Nov 2015 21:17:44 GMT" time="390.572" errors="0">
  <testcase name="beforeClass" time="306.946" classname="brand.production.mobile.CrestGalaxyS5PreferenceCenter">
    <failure type="org.openqa.selenium.NoSuchElementException" message="no such element: Unable to locate element: {&quot;method&quot;:&quot;id&quot;,&quot;selector&quot;:&quot;phsmartphonebody_0_username&quot;}
  (Session info: webview=30.0.0.0)
  (Driver info: chromedriver=2.18.343837 (52eb4041461e46a6b73308ebb19e85787ced4281),platform=Mac OS X 10.10.5 x86_64) (WARNING: The server did not provide any stacktrace information)
Command duration or timeout: 60.17 seconds
For documentation on this error, please visit: http://seleniumhq.org/exceptions/no_such_element.html
Build info: version: &#039;2.37.0&#039;, revision: &#039;a7c61cbd68657e133ae96672cf995890bad2ee42&#039;, time: &#039;2013-10-18 09:51:02&#039;
System info: host: &#039;usnycpww4255.global.publicisgroupe.net&#039;, ip: &#039;169.254.175.215&#039;, os.name: &#039;Mac OS X&#039;, os.arch: &#039;x86_64&#039;, os.version: &#039;10.10.3&#039;, java.version: &#039;1.6.0_65&#039;
Session ID: 577671fb40a370989e41776225e71c1e6a87773c
Driver info: org.openqa.selenium.remote.RemoteWebDriver
Capabilities [{platform=ANDROID, acceptSslCerts=true, javascriptEnabled=true, browserName=chrome, chrome={}, rotatable=false, locationContextEnabled=true, mobileEmulationEnabled=false, version=30.0.0.0, takesHeapSnapshot=true, cssSelectorsEnabled=true, databaseEnabled=false, handlesAlerts=true, browserConnectionEnabled=false, webStorageEnabled=true, nativeEvents=true, hasTouchScreen=false, applicationCacheEnabled=false, takesScreenshot=true}]">
      <![CDATA[org.openqa.selenium.NoSuchElementException: no such element: Unable to locate element: {"method":"id","selector":"phsmartphonebody_0_username"}
  (Session info: webview=30.0.0.0)
  (Driver info: chromedriver=2.18.343837 (52eb4041461e46a6b73308ebb19e85787ced4281),platform=Mac OS X 10.10.5 x86_64) (WARNING: The server did not provide any stacktrace information)
Command duration or timeout: 60.17 seconds
For documentation on this error, please visit: http://seleniumhq.org/exceptions/no_such_element.html
Build info: version: '2.37.0', revision: 'a7c61cbd68657e133ae96672cf995890bad2ee42', time: '2013-10-18 09:51:02'
System info: host: 'usnycpww4255.global.publicisgroupe.net', ip: '169.254.175.215', os.name: 'Mac OS X', os.arch: 'x86_64', os.version: '10.10.3', java.version: '1.6.0_65'
Session ID: 577671fb40a370989e41776225e71c1e6a87773c
Driver info: org.openqa.selenium.remote.RemoteWebDriver
Capabilities [{platform=ANDROID, acceptSslCerts=true, javascriptEnabled=true, browserName=chrome, chrome={}, rotatable=false, locationContextEnabled=true, mobileEmulationEnabled=false, version=30.0.0.0, takesHeapSnapshot=true, cssSelectorsEnabled=true, databaseEnabled=false, handlesAlerts=true, browserConnectionEnabled=false, webStorageEnabled=true, nativeEvents=true, hasTouchScreen=false, applicationCacheEnabled=false, takesScreenshot=true}]
	at sun.reflect.NativeConstructorAccessorImpl.newInstance0(Native Method)
	at java.lang.reflect.Constructor.newInstance(Constructor.java:513)
	at org.openqa.selenium.remote.ErrorHandler.createThrowable(ErrorHandler.java:193)
	at org.openqa.selenium.remote.ErrorHandler.throwIfResponseFailed(ErrorHandler.java:145)
	at org.openqa.selenium.remote.RemoteWebDriver.execute(RemoteWebDriver.java:554)
	at org.openqa.selenium.remote.RemoteWebDriver.findElement(RemoteWebDriver.java:307)
	at org.openqa.selenium.remote.RemoteWebDriver.findElementById(RemoteWebDriver.java:348)
	at org.openqa.selenium.By$ById.findElement(By.java:220)
	at org.openqa.selenium.remote.RemoteWebDriver.findElement(RemoteWebDriver.java:299)
	at brand.production.mobile.CrestGalaxyS5PreferenceCenter.beforeClass(CrestGalaxyS5PreferenceCenter.java:380)
	at sun.reflect.NativeMethodAccessorImpl.invoke0(Native Method)
	at java.lang.reflect.Method.invoke(Method.java:597)
]]>
    </failure>
  </testcase> <!-- beforeClass -->
  <testcase name="beforeClass" time="83.626" classname="brand.production.mobile.CrestGalaxyS5PreferenceCenter">
    <failure type="org.openqa.selenium.ElementNotVisibleException" message="Element is not currently visible and may not be manipulated (WARNING: The server did not provide any stacktrace information)
Command duration or timeout: 47 milliseconds
Build info: version: &#039;2.37.0&#039;, revision: &#039;a7c61cbd68657e133ae96672cf995890bad2ee42&#039;, time: &#039;2013-10-18 09:51:02&#039;
System info: host: &#039;usnycpww4255.global.publicisgroupe.net&#039;, ip: &#039;169.254.175.215&#039;, os.name: &#039;Mac OS X&#039;, os.arch: &#039;x86_64&#039;, os.version: &#039;10.10.3&#039;, java.version: &#039;1.6.0_65&#039;
Session ID: 032afc4babdd0611d4eb22987a44651e7751cc32
Driver info: org.openqa.selenium.remote.RemoteWebDriver
Capabilities [{proxy_type=node, javascriptEnabled=true, acceptSslCerts=true, browserName=safari, networkConnectionEnabled=false, version=, autoAcceptAlerts=true, platformVersion=8.3, platformName=iOS, deviceName=iPhone 6 Plus, safari=true, browser=iPhone, warnings={}, takesScreenshot=true, browserstack.ie.noFlash=false, 64bit=false, platform=MAC, orientation=portrait, desired={proxy_type=node, orientation=portrait, platform=MAC, acceptSslCerts=true, browserName=safari, version=, newCommandTimeout=300, autoAcceptAlerts=true, platformVersion=8.3, deviceName=iPhone 6 Plus, platformName=iOS, acceptSslCert=true, browser=iPhone, device=iPhone 6 Plus, browserstack.video=true, orig_os=macyos, browserstack.debug=true, browserstack.ie.noFlash=false, mobile={&quot;version&quot;:&quot;iPhone 6 Plus-8.3&quot;,&quot;browser&quot;:&quot;mobile&quot;}, 64bit=false}, locationContextEnabled=false, newCommandTimeout=300, databaseEnabled=false, acceptSslCert=true, webStorageEnabled=false, device=iPhone 6 Plus, browserstack.video=true, orig_os=macyos, browserstack.debug=true, mobile={&quot;version&quot;:&quot;iPhone 6 Plus-8.3&quot;,&quot;browser&quot;:&quot;mobile&quot;}}]">
      <![CDATA[org.openqa.selenium.ElementNotVisibleException: Element is not currently visible and may not be manipulated (WARNING: The server did not provide any stacktrace information)
Command duration or timeout: 47 milliseconds
Build info: version: '2.37.0', revision: 'a7c61cbd68657e133ae96672cf995890bad2ee42', time: '2013-10-18 09:51:02'
System info: host: 'usnycpww4255.global.publicisgroupe.net', ip: '169.254.175.215', os.name: 'Mac OS X', os.arch: 'x86_64', os.version: '10.10.3', java.version: '1.6.0_65'
Session ID: 032afc4babdd0611d4eb22987a44651e7751cc32
Driver info: org.openqa.selenium.remote.RemoteWebDriver
Capabilities [{proxy_type=node, javascriptEnabled=true, acceptSslCerts=true, browserName=safari, networkConnectionEnabled=false, version=, autoAcceptAlerts=true, platformVersion=8.3, platformName=iOS, deviceName=iPhone 6 Plus, safari=true, browser=iPhone, warnings={}, takesScreenshot=true, browserstack.ie.noFlash=false, 64bit=false, platform=MAC, orientation=portrait, desired={proxy_type=node, orientation=portrait, platform=MAC, acceptSslCerts=true, browserName=safari, version=, newCommandTimeout=300, autoAcceptAlerts=true, platformVersion=8.3, deviceName=iPhone 6 Plus, platformName=iOS, acceptSslCert=true, browser=iPhone, device=iPhone 6 Plus, browserstack.video=true, orig_os=macyos, browserstack.debug=true, browserstack.ie.noFlash=false, mobile={"version":"iPhone 6 Plus-8.3","browser":"mobile"}, 64bit=false}, locationContextEnabled=false, newCommandTimeout=300, databaseEnabled=false, acceptSslCert=true, webStorageEnabled=false, device=iPhone 6 Plus, browserstack.video=true, orig_os=macyos, browserstack.debug=true, mobile={"version":"iPhone 6 Plus-8.3","browser":"mobile"}}]
	at sun.reflect.NativeConstructorAccessorImpl.newInstance0(Native Method)
	at java.lang.reflect.Constructor.newInstance(Constructor.java:513)
	at org.openqa.selenium.remote.ErrorHandler.createThrowable(ErrorHandler.java:193)
	at org.openqa.selenium.remote.ErrorHandler.throwIfResponseFailed(ErrorHandler.java:145)
	at org.openqa.selenium.remote.RemoteWebDriver.execute(RemoteWebDriver.java:554)
	at org.openqa.selenium.remote.RemoteWebElement.execute(RemoteWebElement.java:268)
	at org.openqa.selenium.remote.RemoteWebElement.click(RemoteWebElement.java:79)
	at brand.production.mobile.CrestGalaxyS5PreferenceCenter.beforeClass(CrestGalaxyS5PreferenceCenter.java:429)
	at sun.reflect.NativeMethodAccessorImpl.invoke0(Native Method)
	at java.lang.reflect.Method.invoke(Method.java:597)
]]>
    </failure>
  </testcase> <!-- beforeClass -->
</testsuite> <!-- brand.production.mobile.CrestGalaxyS5PreferenceCenter -->
